1651905682021:add 2 3
1651905764929:sum 2 3
1651935877855:help
1651936945287:exit
1652079687114:help
1652079876017:create-user
1652079953141:create-user hkraclh@gmail.com
1652079993848:Hasitha
1652086481560:help
1652086494713:create-user hkraclh@gmail.com
1652086499660:Hasitha
1652112130724:help
1652112147838:help create-user
1652112183938:create-user -U hkraclh@gmail.com
1652112209388:exit
1652112408879:create-user hkraclh@gmail.com
1652112411812:Hasitha
1652112421425:create-user hkraclh@gmail.com
1652122211786:help
1652122220497:list-users
1652122299553:exit
1652122334548:list-users
1652124993671:help
1652125001670:list-users
1652125005159:hkra
1652125014570:list-users
1652125024596:hkraclh@gmail.com
1652125054846:create-user
1652125069033:create-user -E abc@gmail.com
1652125072508:Kaushan
1652125082533:list-users
1652125093883:abc@gmail.com
1652125105570:list-users
1652125108070:abc@gmail.com
1652125123310:create-user -E abc@gmail.com1
1652125127633:Chris
1652125135609:list-users
1652125146597:abc@gmail.com1
1652125230646:exit
1652125261695:list-users
1652125268706:abc@gmail.com1
1652125283181:list-users
1652125285681:qqq
1652125389318:exit
1652125437054:list-users
1652133442816:help
1652133450725:create-user
1652133458859:create-user ab@q.lk
1652133461462:H
1652133594907:exit
1652134710315:help
1652134882071:exit
1652134975424:create-user
1652135011522:help create-user
1652135039336:create-user -E abc@gmail.com
1652135057266:create-user -E 1@g.com
1652135060993:H
1652135070013:list-users
1652135076905:H
1652135092582:list-users
1652135098598:1@g.com
1652135110299:list-users
1652135112859:1@g.com
1652135120176:create-user
1652135157819:create-user -E test@mail.com
1652135160830:Test
1652135168286:list-users
1652135176443:test@mail.com
1652135191377:exit
